<?xml version="1.0" encoding="UTF-8"?>
<testng-results ignored="0" total="1" passed="1" failed="0" skipped="0">
  <reporter-output>
  </reporter-output>
  <suite started-at="2024-12-20T11:13:16 BDT" name="Default suite" finished-at="2024-12-20T11:13:40 BDT" duration-ms="23716">
    <groups>
    </groups>
    <test started-at="2024-12-20T11:13:16 BDT" name="Default test" finished-at="2024-12-20T11:13:40 BDT" duration-ms="23716">
      <class name="JavaTest.BrowserTest">
        <test-method is-config="true" signature="setUp()[pri:0, instance:JavaTest.BrowserTest@710c2b53]" started-at="2024-12-20T11:13:16 BDT" name="setUp" finished-at="2024-12-20T11:13:18 BDT" duration-ms="2200" status="PASS">
          <reporter-output>
          </reporter-output>
        </test-method> <!-- setUp -->
        <test-method signature="validLogin()[pri:0, instance:JavaTest.BrowserTest@710c2b53]" started-at="2024-12-20T11:13:18 BDT" name="validLogin" finished-at="2024-12-20T11:13:39 BDT" duration-ms="21322" status="PASS">
          <reporter-output>
          </reporter-output>
        </test-method> <!-- validLogin -->
        <test-method is-config="true" signature="tearDown()[pri:0, instance:JavaTest.BrowserTest@710c2b53]" started-at="2024-12-20T11:13:39 BDT" name="tearDown" finished-at="2024-12-20T11:13:40 BDT" duration-ms="156" status="PASS">
          <reporter-output>
          </reporter-output>
        </test-method> <!-- tearDown -->
      </class> <!-- JavaTest.BrowserTest -->
    </test> <!-- Default test -->
  </suite> <!-- Default suite -->
</testng-results>
